<?xml version="1.0" encoding="UTF-8"?>
<!-- Generated by org.testng.reporters.JUnitXMLReporter -->
<testsuite ignored="0" hostname="DESKTOP-0SMTTDJ" failures="0" tests="12" name="Test" time="0.291" errors="0" timestamp="2024-01-23T15:15:10 IST">
  <testcase classname="Selenium_Mock.ParallelClass3" name="test7" time="0.027"/>
  <testcase classname="Selenium_Mock.ParallelClass1" name="test3" time="0.055"/>
  <testcase classname="Selenium_Mock.ParallelClass2" name="test5" time="0.051"/>
  <testcase classname="Selenium_Mock.ParallelClass2" name="test6" time="0.002"/>
  <testcase classname="Selenium_Mock.ParallelClass5" name="test10" time="0.036"/>
  <testcase classname="Selenium_Mock.ParallelClass4" name="test10" time="0.032"/>
  <testcase classname="Selenium_Mock.ParallelClass" name="test1" time="0.077"/>
  <testcase classname="Selenium_Mock.ParallelClass1" name="test4" time="0.071"/>
  <testcase classname="Selenium_Mock.ParallelClass3" name="test8" time="0.021"/>
  <testcase classname="Selenium_Mock.ParallelClass" name="test2" time="0.001"/>
  <testcase classname="Selenium_Mock.ParallelClass6" name="test11" time="0.004"/>
  <testcase classname="Selenium_Mock.ParallelClass4" name="test9" time="0.021"/>
</testsuite> <!-- Test -->
